<?xml version="1.0" encoding="UTF-8"?>
<!-- Generated by org.testng.reporters.JUnitXMLReporter -->
<testsuite hostname="DESKTOP-BESO8UO" failures="0" tests="6" name="Command line test" time="0.031" errors="0" timestamp="23 May 2022 18:46:14 GMT">
  <testcase classname="qaclickacademy.AppiumTest" name="IOSApps" time="0.008"/>
  <testcase classname="qaclickacademy.AppiumTest" name="NativeAppAndriod" time="0.001"/>
  <testcase classname="qaclickacademy.RESTAPITest" name="deleteTwitter" time="0.0"/>
  <testcase classname="qaclickacademy.RESTAPITest" name="postJira" time="0.0"/>
  <testcase classname="qaclickacademy.SeleniumTest" name="BrowserAutomation" time="0.0"/>
  <testcase classname="qaclickacademy.SeleniumTest" name="elementsUI" time="0.0"/>
</testsuite> <!-- Command line test -->
