<?xml version="1.0" encoding="UTF-8"?>
<testng-results total="6" passed="6" failed="0" skipped="0">
  <reporter-output>
  </reporter-output>
  <suite started-at="2022-05-23T18:46:13Z" name="Command line suite" finished-at="2022-05-23T18:46:14Z" duration-ms="31">
    <groups>
    </groups>
    <test started-at="2022-05-23T18:46:13Z" name="Command line test" finished-at="2022-05-23T18:46:14Z" duration-ms="31">
      <class name="qaclickacademy.AppiumTest">
        <test-method signature="IOSApps()[pri:0, instance:qaclickacademy.AppiumTest@4d9e68d0]" started-at="2022-05-24T00:16:14Z" name="IOSApps" finished-at="2022-05-24T00:16:14Z" duration-ms="8" status="PASS">
          <reporter-output>
          </reporter-output>
        </test-method> <!-- IOSApps -->
        <test-method signature="NativeAppAndriod()[pri:0, instance:qaclickacademy.AppiumTest@4d9e68d0]" started-at="2022-05-24T00:16:14Z" name="NativeAppAndriod" finished-at="2022-05-24T00:16:14Z" duration-ms="1" status="PASS">
          <reporter-output>
          </reporter-output>
        </test-method> <!-- NativeAppAndriod -->
      </class> <!-- qaclickacademy.AppiumTest -->
      <class name="qaclickacademy.RESTAPITest">
        <test-method signature="deleteTwitter()[pri:0, instance:qaclickacademy.RESTAPITest@6c80d78a]" started-at="2022-05-24T00:16:14Z" name="deleteTwitter" finished-at="2022-05-24T00:16:14Z" duration-ms="0" status="PASS">
          <reporter-output>
          </reporter-output>
        </test-method> <!-- deleteTwitter -->
        <test-method signature="postJira()[pri:0, instance:qaclickacademy.RESTAPITest@6c80d78a]" started-at="2022-05-24T00:16:14Z" name="postJira" finished-at="2022-05-24T00:16:14Z" duration-ms="0" status="PASS">
          <reporter-output>
          </reporter-output>
        </test-method> <!-- postJira -->
      </class> <!-- qaclickacademy.RESTAPITest -->
      <class name="qaclickacademy.SeleniumTest">
        <test-method signature="BrowserAutomation()[pri:0, instance:qaclickacademy.SeleniumTest@62150f9e]" started-at="2022-05-24T00:16:14Z" name="BrowserAutomation" finished-at="2022-05-24T00:16:14Z" duration-ms="0" status="PASS">
          <reporter-output>
          </reporter-output>
        </test-method> <!-- BrowserAutomation -->
        <test-method signature="elementsUI()[pri:0, instance:qaclickacademy.SeleniumTest@62150f9e]" started-at="2022-05-24T00:16:14Z" name="elementsUI" finished-at="2022-05-24T00:16:14Z" duration-ms="0" status="PASS">
          <reporter-output>
          </reporter-output>
        </test-method> <!-- elementsUI -->
      </class> <!-- qaclickacademy.SeleniumTest -->
    </test> <!-- Command line test -->
  </suite> <!-- Command line suite -->
</testng-results>
